2021-07-16 16:07:52,015 INFO o.a.j.u.JMeterUtils: Setting Locale to en_EN
2021-07-16 16:07:52,029 INFO o.a.j.JMeter: Loading user properties from: /opt/homebrew/Cellar/jmeter/5.4.1/libexec/bin/user.properties
2021-07-16 16:07:52,030 INFO o.a.j.JMeter: Loading system properties from: /opt/homebrew/Cellar/jmeter/5.4.1/libexec/bin/system.properties
2021-07-16 16:07:52,032 INFO o.a.j.JMeter: Copyright (c) 1998-2021 The Apache Software Foundation
2021-07-16 16:07:52,032 INFO o.a.j.JMeter: Version 5.4.1
2021-07-16 16:07:52,032 INFO o.a.j.JMeter: java.version=17
2021-07-16 16:07:52,032 INFO o.a.j.JMeter: java.vm.name=OpenJDK 64-Bit Server VM
2021-07-16 16:07:52,032 INFO o.a.j.JMeter: os.name=Mac OS X
2021-07-16 16:07:52,032 INFO o.a.j.JMeter: os.arch=aarch64
2021-07-16 16:07:52,033 INFO o.a.j.JMeter: os.version=11.4
2021-07-16 16:07:52,033 INFO o.a.j.JMeter: file.encoding=UTF-8
2021-07-16 16:07:52,033 INFO o.a.j.JMeter: java.awt.headless=null
2021-07-16 16:07:52,033 INFO o.a.j.JMeter: Max memory     =1073741824
2021-07-16 16:07:52,033 INFO o.a.j.JMeter: Available Processors =8
2021-07-16 16:07:52,038 INFO o.a.j.JMeter: Default Locale=English (EN)
2021-07-16 16:07:52,038 INFO o.a.j.JMeter: JMeter  Locale=English (EN)
2021-07-16 16:07:52,038 INFO o.a.j.JMeter: JMeterHome=/opt/homebrew/Cellar/jmeter/5.4.1/libexec
2021-07-16 16:07:52,038 INFO o.a.j.JMeter: user.dir  =/Users/kshillin/code/azure/azure-pipeline-nd082-project3
2021-07-16 16:07:52,038 INFO o.a.j.JMeter: PWD       =/Users/kshillin/code/azure/azure-pipeline-nd082-project3
2021-07-16 16:07:52,042 INFO o.a.j.JMeter: IP: 192.168.1.117 Name: Kitas-Mac-mini.attlocal.net FullName: kitas-mac-mini.attlocal.net
2021-07-16 16:07:52,227 INFO o.a.j.JMeter: Setting LAF to: com.github.weisj.darklaf.DarkLaf:com.github.weisj.darklaf.theme.DarculaTheme
2021-07-16 16:07:52,972 INFO o.a.j.JMeter: Loaded icon properties from org/apache/jmeter/images/icon.properties
2021-07-16 16:07:53,486 INFO o.j.r.JARSourceHTTP: Found cached repo
2021-07-16 16:07:53,556 INFO o.j.r.PluginManager: Plugins Status: [jpgc-plugins-manager=1.6, jmeter-core=5.4.1, jmeter-ftp=5.4.1, jmeter-http=5.4.1, jmeter-jdbc=5.4.1, jmeter-jms=5.4.1, jmeter-junit=5.4.1, jmeter-java=5.4.1, jmeter-ldap=5.4.1, jmeter-mail=5.4.1, jmeter-mongodb=5.4.1, jmeter-native=5.4.1, jmeter-tcp=5.4.1, jmeter-components=5.4.1]
2021-07-16 16:08:06,724 ERROR o.a.j.JMeter: Uncaught exception in thread Thread[AWT-EventQueue-0,6,main]
java.lang.IllegalAccessError: class com.github.weisj.darklaf.ui.filechooser.DarkFilePaneUIBridge$DetailsTableModel (in unnamed module @0xfbd1f6) cannot access class sun.awt.shell.ShellFolder (in module java.desktop) because module java.desktop does not export sun.awt.shell to unnamed module @0xfbd1f6
	at com.github.weisj.darklaf.ui.filechooser.DarkFilePaneUIBridge$DetailsTableModel.updateColumnInfo(DarkFilePaneUIBridge.java:1128) ~[darklaf-core-2.5.4.jar:2.5.4]
	at com.github.weisj.darklaf.ui.filechooser.DarkFilePaneUIBridge$DetailsTableModel.<init>(DarkFilePaneUIBridge.java:1115) ~[darklaf-core-2.5.4.jar:2.5.4]
	at com.github.weisj.darklaf.ui.filechooser.DarkFilePaneUIBridge.getDetailsTableModel(DarkFilePaneUIBridge.java:576) ~[darklaf-core-2.5.4.jar:2.5.4]
	at com.github.weisj.darklaf.ui.filechooser.DarkFilePaneUIBridge$SortableListModel.<init>(DarkFilePaneUIBridge.java:1079) ~[darklaf-core-2.5.4.jar:2.5.4]
	at com.github.weisj.darklaf.ui.filechooser.DarkFilePane.createList(DarkFilePane.java:137) ~[darklaf-core-2.5.4.jar:2.5.4]
	at com.github.weisj.darklaf.ui.filechooser.DarkFileChooserUIBridge.createList(DarkFileChooserUIBridge.java:585) ~[darklaf-core-2.5.4.jar:2.5.4]
	at com.github.weisj.darklaf.ui.filechooser.DarkFileChooserUIBridge$MetalFileChooserUIAccessor.createList(DarkFileChooserUIBridge.java:750) ~[darklaf-core-2.5.4.jar:2.5.4]
	at com.github.weisj.darklaf.ui.filechooser.DarkFilePaneUIBridge.setViewType(DarkFilePaneUIBridge.java:376) ~[darklaf-core-2.5.4.jar:2.5.4]
	at com.github.weisj.darklaf.ui.filechooser.DarkFilePaneUIBridge.propertyChange(DarkFilePaneUIBridge.java:890) ~[darklaf-core-2.5.4.jar:2.5.4]
	at java.beans.PropertyChangeSupport.fire(PropertyChangeSupport.java:343) ~[?:?]
	at java.beans.PropertyChangeSupport.firePropertyChange(PropertyChangeSupport.java:335) ~[?:?]
	at java.beans.PropertyChangeSupport.firePropertyChange(PropertyChangeSupport.java:268) ~[?:?]
	at java.awt.Component.firePropertyChange(Component.java:8715) ~[?:?]
	at javax.swing.JComponent.setUI(JComponent.java:733) ~[?:?]
	at javax.swing.JFileChooser.updateUI(JFileChooser.java:1839) ~[?:?]
	at javax.swing.JFileChooser.setup(JFileChooser.java:396) ~[?:?]
	at javax.swing.JFileChooser.<init>(JFileChooser.java:362) ~[?:?]
	at javax.swing.JFileChooser.<init>(JFileChooser.java:309) ~[?:?]
	at org.apache.jmeter.gui.util.FileDialoger.<clinit>(FileDialoger.java:42) ~[ApacheJMeter_core.jar:5.4.1]
	at org.apache.jmeter.gui.action.Load.doActionAfterCheck(Load.java:75) ~[ApacheJMeter_core.jar:5.4.1]
	at org.apache.jmeter.gui.action.AbstractActionWithNoRunningTest.doAction(AbstractActionWithNoRunningTest.java:44) ~[ApacheJMeter_core.jar:5.4.1]
	at org.apache.jmeter.gui.action.ActionRouter.performAction(ActionRouter.java:87) ~[ApacheJMeter_core.jar:5.4.1]
	at org.apache.jmeter.gui.action.ActionRouter.lambda$actionPerformed$0(ActionRouter.java:69) ~[ApacheJMeter_core.jar:5.4.1]
	at java.awt.event.InvocationEvent.dispatch(InvocationEvent.java:318) ~[?:?]
	at java.awt.EventQueue.dispatchEventImpl(EventQueue.java:770) ~[?:?]
	at java.awt.EventQueue$4.run(EventQueue.java:721) ~[?:?]
	at java.awt.EventQueue$4.run(EventQueue.java:715) ~[?:?]
	at java.security.AccessController.doPrivileged(AccessController.java:391) ~[?:?]
	at java.security.ProtectionDomain$JavaSecurityAccessImpl.doIntersectionPrivilege(ProtectionDomain.java:85) ~[?:?]
	at java.awt.EventQueue.dispatchEvent(EventQueue.java:740) ~[?:?]
	at java.awt.EventDispatchThread.pumpOneEventForFilters(EventDispatchThread.java:203) [?:?]
	at java.awt.EventDispatchThread.pumpEventsForFilter(EventDispatchThread.java:124) [?:?]
	at java.awt.EventDispatchThread.pumpEventsForHierarchy(EventDispatchThread.java:113) [?:?]
	at java.awt.EventDispatchThread.pumpEvents(EventDispatchThread.java:109) [?:?]
	at java.awt.EventDispatchThread.pumpEvents(EventDispatchThread.java:101) [?:?]
	at java.awt.EventDispatchThread.run(EventDispatchThread.java:90) [?:?]
